<?xml version="1.0" encoding="UTF-8"?>
<testng-results ignored="0" total="5" passed="5" failed="0" skipped="0">
  <reporter-output>
  </reporter-output>
  <suite started-at="2022-02-26T00:46:56 SGT" name="Default suite" finished-at="2022-02-26T00:46:57 SGT" duration-ms="1613">
    <groups>
    </groups>
    <test started-at="2022-02-26T00:46:56 SGT" name="Default test" finished-at="2022-02-26T00:46:57 SGT" duration-ms="1613">
      <class name="test.NewTest">
        <test-method is-config="true" signature="beforeTest()[pri:0, instance:test.NewTest@312aa7c]" started-at="2022-02-26T00:46:56 SGT" name="beforeTest" finished-at="2022-02-26T00:46:57 SGT" duration-ms="1039" status="PASS">
          <reporter-output>
          </reporter-output>
        </test-method> <!-- beforeTest -->
        <test-method signature="checkContent()[pri:0, instance:test.NewTest@312aa7c]" started-at="2022-02-26T00:46:57 SGT" name="checkContent" finished-at="2022-02-26T00:46:57 SGT" duration-ms="165" status="PASS">
          <reporter-output>
          </reporter-output>
        </test-method> <!-- checkContent -->
        <test-method signature="checkFooter()[pri:0, instance:test.NewTest@312aa7c]" started-at="2022-02-26T00:46:57 SGT" name="checkFooter" finished-at="2022-02-26T00:46:57 SGT" duration-ms="103" status="PASS">
          <reporter-output>
          </reporter-output>
        </test-method> <!-- checkFooter -->
        <test-method signature="checkLoginButton()[pri:0, instance:test.NewTest@312aa7c]" started-at="2022-02-26T00:46:57 SGT" name="checkLoginButton" finished-at="2022-02-26T00:46:57 SGT" duration-ms="158" status="PASS">
          <reporter-output>
          </reporter-output>
        </test-method> <!-- checkLoginButton -->
        <test-method signature="checkRegisterButton()[pri:0, instance:test.NewTest@312aa7c]" started-at="2022-02-26T00:46:57 SGT" name="checkRegisterButton" finished-at="2022-02-26T00:46:57 SGT" duration-ms="64" status="PASS">
          <reporter-output>
          </reporter-output>
        </test-method> <!-- checkRegisterButton -->
        <test-method signature="checkTitle()[pri:0, instance:test.NewTest@312aa7c]" started-at="2022-02-26T00:46:57 SGT" name="checkTitle" finished-at="2022-02-26T00:46:57 SGT" duration-ms="18" status="PASS">
          <reporter-output>
          </reporter-output>
        </test-method> <!-- checkTitle -->
        <test-method is-config="true" signature="afterTest()[pri:0, instance:test.NewTest@312aa7c]" started-at="2022-02-26T00:46:57 SGT" name="afterTest" finished-at="2022-02-26T00:46:57 SGT" duration-ms="33" status="PASS">
          <reporter-output>
          </reporter-output>
        </test-method> <!-- afterTest -->
      </class> <!-- test.NewTest -->
    </test> <!-- Default test -->
  </suite> <!-- Default suite -->
</testng-results>
