<?xml version="1.0" encoding="UTF-8"?>
<!-- Generated by org.testng.reporters.JUnitXMLReporter -->
<testsuite ignored="0" hostname="DESKTOP-KIJ7GJU" failures="0" tests="5" name="Default test" time="1.613" errors="0" timestamp="2022-02-26T00:46:57 SGT">
  <testcase classname="test.NewTest" name="checkContent" time="0.165"/>
  <testcase classname="test.NewTest" name="checkFooter" time="0.103"/>
  <testcase classname="test.NewTest" name="checkLoginButton" time="0.158"/>
  <testcase classname="test.NewTest" name="checkRegisterButton" time="0.064"/>
  <testcase classname="test.NewTest" name="checkTitle" time="0.018"/>
</testsuite> <!-- Default test -->
